<?xml version="1.0" encoding="UTF-8"?>
<testng-results skipped="0" failed="0" ignored="0" total="1" passed="1">
  <reporter-output>
  </reporter-output>
  <suite name="Default suite" duration-ms="16003" started-at="2019-03-17T17:00:34Z" finished-at="2019-03-17T17:00:50Z">
    <groups>
    </groups>
    <test name="Default test" duration-ms="16003" started-at="2019-03-17T17:00:34Z" finished-at="2019-03-17T17:00:50Z">
      <class name="com.pg.management.login.LoginUiTest">
        <test-method status="PASS" signature="setup()[pri:0, instance:com.pg.management.login.LoginUiTest@4667ae56]" name="setup" is-config="true" duration-ms="15414" started-at="2019-03-17T17:00:34Z" finished-at="2019-03-17T17:00:50Z">
          <reporter-output>
          </reporter-output>
        </test-method> <!-- setup -->
        <test-method status="PASS" signature="testcase1()[pri:0, instance:com.pg.management.login.LoginUiTest@4667ae56]" name="testcase1" duration-ms="553" started-at="2019-03-17T17:00:50Z" finished-at="2019-03-17T17:00:50Z">
          <reporter-output>
          </reporter-output>
        </test-method> <!-- testcase1 -->
      </class> <!-- com.pg.management.login.LoginUiTest -->
    </test> <!-- Default test -->
  </suite> <!-- Default suite -->
</testng-results>
